<?xml version="1.0" encoding="UTF-8"?>
<!-- Generated by org.testng.reporters.JUnitReportReporter -->
<testsuite hostname="DESKTOP-42MN8DH" failures="0" tests="1" name="com.tutorialsninja.demo.testsuite.TopMenuTest" time="7.483" errors="0" timestamp="2023-12-12T21:14:37 GMT" skipped="0">
  <testcase classname="com.tutorialsninja.demo.testsuite.TopMenuTest" name="verifyUserShouldNavigateToDesktopsPageSuccessfully" time="7.483">
    <system-out>
      <![CDATA[Hovering and Clicking on desktop [[ChromeDriver: chrome on windows (c761f2a6983900529089a6cf8c52cdf0)] -> link text: Desktops]
Clicking on Show all Desktops[[ChromeDriver: chrome on windows (c761f2a6983900529089a6cf8c52cdf0)] -> xpath: //a[normalize-space()='Show AllDesktops']]
Getting desktop text [[ChromeDriver: chrome on windows (c761f2a6983900529089a6cf8c52cdf0)] -> xpath: //h2[contains(text(),'Desktops')]]]]>
    </system-out>
  </testcase> <!-- verifyUserShouldNavigateToDesktopsPageSuccessfully -->
  <system-out>
    <![CDATA[Hovering and Clicking on desktop [[ChromeDriver: chrome on windows (c761f2a6983900529089a6cf8c52cdf0)] -> link text: Desktops]
Clicking on Show all Desktops[[ChromeDriver: chrome on windows (c761f2a6983900529089a6cf8c52cdf0)] -> xpath: //a[normalize-space()='Show AllDesktops']]
Getting desktop text [[ChromeDriver: chrome on windows (c761f2a6983900529089a6cf8c52cdf0)] -> xpath: //h2[contains(text(),'Desktops')]]]]>
  </system-out>
</testsuite> <!-- com.tutorialsninja.demo.testsuite.TopMenuTest -->
